<?xml version="1.0" encoding="UTF-8"?>
<!-- Generated by org.testng.reporters.JUnitReportReporter -->
<testsuite hostname="compumatrice" name="com.carelink360Package1.AddRecipient" tests="1" failures="0" timestamp="3 Dec 2014 08:44:13 GMT" time="85.972" errors="0">
  <testcase name="AddRecipient" time="85.972" classname="com.carelink360Package1.AddRecipient"/>
</testsuite> <!-- com.carelink360Package1.AddRecipient -->
